<?xml version="1.0" encoding="UTF-8"?>
<!-- Generated by org.testng.reporters.JUnitReportReporter -->
<testsuite name="examples.NewTest" tests="1" time="0.000" ignored="0" failures="0" timestamp="05 Oct 2017 17:26:09 GMT" skipped="0" hostname="Timothy" errors="0">
  <testcase name="f" time="0.000" classname="examples.NewTest"/>
</testsuite> <!-- examples.NewTest -->
