<?xml version="1.0" encoding="UTF-8"?>
<!-- Generated by org.testng.reporters.JUnitReportReporter -->
<testsuite name="examples.SeleniumTest" tests="1" time="7.666" ignored="0" failures="0" timestamp="13 Jul 2017 16:56:28 GMT" skipped="0" hostname="Timothy" errors="0">
  <testcase name="f" time="7.666" classname="examples.SeleniumTest"/>
</testsuite> <!-- examples.SeleniumTest -->
